<?xml version="1.0" encoding="UTF-8"?>
<!-- Generated by org.testng.reporters.JUnitReportReporter -->
<testsuite hostname="LAPTOP-L36TRD7L" failures="0" tests="7" name="entertimrtrack.CreateCustomer" time="67.131" errors="1" timestamp="2022-06-28T13:30:57 IST" skipped="0">
  <testcase classname="entertimrtrack.CreateCustomer" name="closeConnection" time="6.995">
    <error message="Cannot invoke &quot;com.aventstack.extentreports.ExtentReports.flush()&quot; because &quot;utilities.BaseClass1.extent&quot; is null" type="java.lang.NullPointerException">
      <![CDATA[java.lang.NullPointerException: Cannot invoke "com.aventstack.extentreports.ExtentReports.flush()" because "utilities.BaseClass1.extent" is null
at utilities.BaseClass1.closeConnection(BaseClass1.java:136)
at java.base/jdk.internal.reflect.DirectMethodHandleAccessor.invoke(DirectMethodHandleAccessor.java:104)
at java.base/java.lang.reflect.Method.invoke(Method.java:577)
at org.testng.internal.MethodInvocationHelper.invokeMethod(MethodInvocationHelper.java:134)
at org.testng.internal.MethodInvocationHelper.invokeMethodConsideringTimeout(MethodInvocationHelper.java:63)
at org.testng.internal.ConfigInvoker.invokeConfigurationMethod(ConfigInvoker.java:348)
at org.testng.internal.ConfigInvoker.invokeConfigurations(ConfigInvoker.java:302)
at org.testng.SuiteRunner.privateRun(SuiteRunner.java:351)
at org.testng.SuiteRunner.run(SuiteRunner.java:286)
at org.testng.SuiteRunnerWorker.runSuite(SuiteRunnerWorker.java:53)
at org.testng.SuiteRunnerWorker.run(SuiteRunnerWorker.java:96)
at org.testng.TestNG.runSuitesSequentially(TestNG.java:1187)
at org.testng.TestNG.runSuitesLocally(TestNG.java:1109)
at org.testng.TestNG.runSuites(TestNG.java:1039)
at org.testng.TestNG.run(TestNG.java:1007)
at org.testng.remote.AbstractRemoteTestNG.run(AbstractRemoteTestNG.java:115)
at org.testng.remote.RemoteTestNG.initAndRun(RemoteTestNG.java:251)
at org.testng.remote.RemoteTestNG.main(RemoteTestNG.java:77)
]]>
    </error>
  </testcase> <!-- closeConnection -->
  <system-out/>
  <testcase classname="entertimrtrack.CreateCustomer" name="login_ActiTime" time="0.595"/>
  <system-out/>
  <testcase classname="entertimrtrack.CreateCustomer" name="createTasks" time="9.947"/>
  <system-out/>
  <testcase classname="entertimrtrack.CreateCustomer" name="createTasks" time="9.119"/>
  <system-out/>
  <testcase classname="entertimrtrack.CreateCustomer" name="createTasks" time="10.104"/>
  <system-out/>
  <testcase classname="entertimrtrack.CreateCustomer" name="createTasks" time="20.805"/>
  <system-out/>
  <testcase classname="entertimrtrack.CreateCustomer" name="createTasks" time="9.566"/>
  <system-out/>
</testsuite> <!-- entertimrtrack.CreateCustomer -->
