<?xml version="1.0" encoding="UTF-8"?>
<!-- Generated by org.testng.reporters.JUnitReportReporter -->
<testsuite skipped="0" hostname="LAPTOP-L36TRD7L" name="commontest.java1" tests="1" failures="0" timestamp="2022-06-18T20:59:37 IST" time="5.791" errors="0">
  <testcase name="main" time="5.791" classname="commontest.java1"/>
  <system-out/>
</testsuite> <!-- commontest.java1 -->
